<?xml version="1.0" encoding="UTF-8"?>
<!-- Generated by org.testng.reporters.JUnitReportReporter -->
<testsuite hostname="MCTN0073529L" name="com.enrollment.repository.TestDepartmentRepository" tests="4" failures="0" timestamp="17 Feb 2017 14:10:41 GMT" time="0.098" errors="0">
  <testcase name="testUpdateDepartment" time="0.028" classname="com.enrollment.repository.TestDepartmentRepository"/>
  <testcase name="testReadAllDepartments" time="0.013" classname="com.enrollment.repository.TestDepartmentRepository"/>
  <testcase name="testDeleteDepartment" time="0.035" classname="com.enrollment.repository.TestDepartmentRepository"/>
  <testcase name="testCreateDepartment" time="0.022" classname="com.enrollment.repository.TestDepartmentRepository"/>
</testsuite> <!-- com.enrollment.repository.TestDepartmentRepository -->
