<?xml version="1.0" encoding="UTF-8"?>
<!-- Generated by org.testng.reporters.JUnitReportReporter -->
<testsuite hostname="MCTN0073529L" name="com.enrollment.api.TestLecturerController" tests="4" failures="0" timestamp="21 Feb 2017 13:36:55 GMT" time="0.280" errors="0">
  <testcase name="testFindAll" time="0.030" classname="com.enrollment.api.TestLecturerController"/>
  <testcase name="testCreate" time="0.180" classname="com.enrollment.api.TestLecturerController"/>
  <testcase name="testFindById" time="0.030" classname="com.enrollment.api.TestLecturerController"/>
  <testcase name="testUpdate" time="0.040" classname="com.enrollment.api.TestLecturerController"/>
</testsuite> <!-- com.enrollment.api.TestLecturerController -->
