<?xml version="1.0" encoding="UTF-8"?>
<!-- Generated by org.testng.reporters.JUnitReportReporter -->
<testsuite hostname="MCTN0073529L" name="com.enrollment.repository.TestCourseRepository" tests="5" failures="0" timestamp="22 Feb 2017 08:10:51 GMT" time="0.193" errors="0">
  <testcase name="testUpdateCourse" time="0.031" classname="com.enrollment.repository.TestCourseRepository"/>
  <testcase name="testDeleteCourse" time="0.036" classname="com.enrollment.repository.TestCourseRepository"/>
  <testcase name="testCreateCourse" time="0.052" classname="com.enrollment.repository.TestCourseRepository"/>
  <testcase name="testReadAllCourses" time="0.018" classname="com.enrollment.repository.TestCourseRepository"/>
  <testcase name="testStudentCourse" time="0.056" classname="com.enrollment.repository.TestCourseRepository"/>
</testsuite> <!-- com.enrollment.repository.TestCourseRepository -->
