<?xml version="1.0" encoding="UTF-8"?>
<!-- Generated by org.testng.reporters.JUnitReportReporter -->
<testsuite hostname="MCTN0073529L" name="com.enrollment.service.TestDepartmentService" tests="4" failures="0" timestamp="22 Feb 2017 09:11:07 GMT" time="0.106" errors="0">
  <testcase name="testReadAllDepartments" time="0.013" classname="com.enrollment.service.TestDepartmentService"/>
  <testcase name="testUpdateDepartment" time="0.031" classname="com.enrollment.service.TestDepartmentService"/>
  <testcase name="testDeleteDepartment" time="0.054" classname="com.enrollment.service.TestDepartmentService"/>
  <testcase name="testCreateDepartment" time="0.008" classname="com.enrollment.service.TestDepartmentService"/>
</testsuite> <!-- com.enrollment.service.TestDepartmentService -->
