<?xml version="1.0" encoding="UTF-8"?>
<!-- Generated by org.testng.reporters.JUnitReportReporter -->
<testsuite hostname="MCTN0073529L" name="com.enrollment.repository.TestSubjectRepository" tests="4" failures="0" timestamp="17 Feb 2017 09:43:44 GMT" time="0.405" errors="0">
  <testcase name="testDeleteSubject" time="0.040" classname="com.enrollment.repository.TestSubjectRepository"/>
  <testcase name="testReadAllSubjects" time="0.194" classname="com.enrollment.repository.TestSubjectRepository"/>
  <testcase name="testUpdateSubject" time="0.050" classname="com.enrollment.repository.TestSubjectRepository"/>
  <testcase name="testCreateSubject" time="0.121" classname="com.enrollment.repository.TestSubjectRepository"/>
</testsuite> <!-- com.enrollment.repository.TestSubjectRepository -->
