<?xml version="1.0" encoding="UTF-8"?>
<!-- Generated by org.testng.reporters.JUnitReportReporter -->
<testsuite hostname="MCTN0073629L" name="com.enrollment.repository.TestStudentRepository" tests="4" failures="0" timestamp="20 Feb 2017 09:59:57 GMT" time="0.454" errors="0">
  <testcase name="testStudentUpdate" time="0.030" classname="com.enrollment.repository.TestStudentRepository"/>
  <testcase name="testReadAllStudents" time="0.214" classname="com.enrollment.repository.TestStudentRepository"/>
  <testcase name="testDeleteStudent" time="0.060" classname="com.enrollment.repository.TestStudentRepository"/>
  <testcase name="testCreateStudent" time="0.150" classname="com.enrollment.repository.TestStudentRepository"/>
</testsuite> <!-- com.enrollment.repository.TestStudentRepository -->
