<?xml version="1.0" encoding="UTF-8"?>
<!-- Generated by org.testng.reporters.JUnitReportReporter -->
<testsuite hostname="MCTN0073529L" name="com.enrollment.service.TestSubjectService" tests="4" failures="0" timestamp="20 Feb 2017 13:42:33 GMT" time="0.104" errors="0">
  <testcase name="testDeleteSubject" time="0.026" classname="com.enrollment.service.TestSubjectService"/>
  <testcase name="testReadAllSubjects" time="0.018" classname="com.enrollment.service.TestSubjectService"/>
  <testcase name="testUpdateSubject" time="0.026" classname="com.enrollment.service.TestSubjectService"/>
  <testcase name="testCreateSubject" time="0.034" classname="com.enrollment.service.TestSubjectService"/>
</testsuite> <!-- com.enrollment.service.TestSubjectService -->
