<?xml version="1.0" encoding="UTF-8"?>
<!-- Generated by org.testng.reporters.JUnitReportReporter -->
<testsuite hostname="MCTN0073529L" name="com.enrollment.repository.TestCourseRepository" tests="5" failures="0" timestamp="23 Feb 2017 09:49:55 GMT" time="0.182" errors="0">
  <testcase name="testReadAllCourses" time="0.010" classname="com.enrollment.repository.TestCourseRepository"/>
  <testcase name="testDeleteCourse" time="0.018" classname="com.enrollment.repository.TestCourseRepository"/>
  <testcase name="testUpdateCourse" time="0.031" classname="com.enrollment.repository.TestCourseRepository"/>
  <testcase name="testCreateCourse" time="0.073" classname="com.enrollment.repository.TestCourseRepository"/>
  <testcase name="testStudentCourse" time="0.050" classname="com.enrollment.repository.TestCourseRepository"/>
</testsuite> <!-- com.enrollment.repository.TestCourseRepository -->
