<?xml version="1.0" encoding="UTF-8"?>
<!-- Generated by org.testng.reporters.JUnitReportReporter -->
<testsuite hostname="MCTN0073629L" name="com.enrollment.api.TestStudentController" tests="4" failures="0" timestamp="20 Feb 2017 12:14:02 GMT" time="0.291" errors="0">
  <testcase name="testFindAll" time="0.030" classname="com.enrollment.api.TestStudentController"/>
  <testcase name="testCreate" time="0.191" classname="com.enrollment.api.TestStudentController"/>
  <testcase name="testUpdate" time="0.040" classname="com.enrollment.api.TestStudentController"/>
  <testcase name="testFindById" time="0.030" classname="com.enrollment.api.TestStudentController"/>
</testsuite> <!-- com.enrollment.api.TestStudentController -->
