<?xml version="1.0" encoding="UTF-8"?>
<!-- Generated by org.testng.reporters.JUnitReportReporter -->
<testsuite hostname="MCTN0073629L" name="com.enrollment.api.TestStudentController" tests="5" failures="0" timestamp="20 Feb 2017 12:40:13 GMT" time="0.386" errors="0">
  <testcase name="testCreate" time="0.181" classname="com.enrollment.api.TestStudentController"/>
  <testcase name="testDelete" time="0.076" classname="com.enrollment.api.TestStudentController"/>
  <testcase name="testUpdate" time="0.067" classname="com.enrollment.api.TestStudentController"/>
  <testcase name="testFindById" time="0.020" classname="com.enrollment.api.TestStudentController"/>
  <testcase name="testFindAll" time="0.042" classname="com.enrollment.api.TestStudentController"/>
</testsuite> <!-- com.enrollment.api.TestStudentController -->
