<?xml version="1.0" encoding="UTF-8"?>
<!-- Generated by org.testng.reporters.JUnitReportReporter -->
<testsuite hostname="MCTN0073529L" name="com.enrollment.api.TestSubjectController" tests="5" failures="0" timestamp="23 Feb 2017 09:54:16 GMT" time="0.131" errors="0">
  <testcase name="testFindById" time="0.010" classname="com.enrollment.api.TestSubjectController"/>
  <testcase name="testCreateSubject" time="0.040" classname="com.enrollment.api.TestSubjectController"/>
  <testcase name="testUpdate" time="0.050" classname="com.enrollment.api.TestSubjectController"/>
  <testcase name="testFindAll" time="0.020" classname="com.enrollment.api.TestSubjectController"/>
  <testcase name="testDelete" time="0.011" classname="com.enrollment.api.TestSubjectController"/>
</testsuite> <!-- com.enrollment.api.TestSubjectController -->
