<?xml version="1.0" encoding="UTF-8"?>
<!-- Generated by org.testng.reporters.JUnitReportReporter -->
<testsuite hostname="MCTN0073529L" name="com.enrollment.service.TestLecturerService" tests="4" failures="0" timestamp="20 Feb 2017 13:42:33 GMT" time="0.097" errors="0">
  <testcase name="testDeleteLecturer" time="0.020" classname="com.enrollment.service.TestLecturerService"/>
  <testcase name="testCreateLecturer" time="0.043" classname="com.enrollment.service.TestLecturerService"/>
  <testcase name="testReadAllLecturers" time="0.015" classname="com.enrollment.service.TestLecturerService"/>
  <testcase name="testUpdateLecturer" time="0.019" classname="com.enrollment.service.TestLecturerService"/>
</testsuite> <!-- com.enrollment.service.TestLecturerService -->
