<?xml version="1.0" encoding="UTF-8"?>
<!-- Generated by org.testng.reporters.JUnitReportReporter -->
<testsuite hostname="MCTN0073529L" name="com.enrollment.repository.TestStudentRepository" tests="4" failures="0" timestamp="16 Feb 2017 12:53:46 GMT" time="0.408" errors="0">
  <testcase name="testReadAll" time="0.183" classname="com.enrollment.repository.TestStudentRepository"/>
  <testcase name="testStudentUpdate" time="0.013" classname="com.enrollment.repository.TestStudentRepository"/>
  <testcase name="testDelete" time="0.071" classname="com.enrollment.repository.TestStudentRepository"/>
  <testcase name="testCreateStudent" time="0.141" classname="com.enrollment.repository.TestStudentRepository"/>
</testsuite> <!-- com.enrollment.repository.TestStudentRepository -->
