<?xml version="1.0" encoding="UTF-8"?>
<!-- Generated by org.testng.reporters.JUnitReportReporter -->
<testsuite hostname="MCTN0073529L" name="com.enrollment.repository.TestLecturerRepository" tests="4" failures="0" timestamp="20 Feb 2017 06:44:45 GMT" time="0.150" errors="0">
  <testcase name="testUpdateLecturer" time="0.040" classname="com.enrollment.repository.TestLecturerRepository"/>
  <testcase name="testDeleteLecturer" time="0.020" classname="com.enrollment.repository.TestLecturerRepository"/>
  <testcase name="testCreateLecturer" time="0.060" classname="com.enrollment.repository.TestLecturerRepository"/>
  <testcase name="testReadAllLecturers" time="0.030" classname="com.enrollment.repository.TestLecturerRepository"/>
</testsuite> <!-- com.enrollment.repository.TestLecturerRepository -->
