<?xml version="1.0" encoding="UTF-8"?>
<!-- Generated by org.testng.reporters.JUnitReportReporter -->
<testsuite hostname="MCTN0073529L" name="com.enrollment.api.TestStudentController" tests="5" failures="0" timestamp="21 Feb 2017 13:41:38 GMT" time="0.399" errors="0">
  <testcase name="testCreate" time="0.149" classname="com.enrollment.api.TestStudentController"/>
  <testcase name="testDelete" time="0.157" classname="com.enrollment.api.TestStudentController"/>
  <testcase name="testUpdate" time="0.060" classname="com.enrollment.api.TestStudentController"/>
  <testcase name="testFindAll" time="0.011" classname="com.enrollment.api.TestStudentController"/>
  <testcase name="testFindById" time="0.022" classname="com.enrollment.api.TestStudentController"/>
</testsuite> <!-- com.enrollment.api.TestStudentController -->
