<?xml version="1.0" encoding="UTF-8"?>
<!-- Generated by org.testng.reporters.JUnitReportReporter -->
<testsuite hostname="MCTN0073529L" name="com.enrollment.api.TestLecturerController" tests="5" failures="0" timestamp="23 Feb 2017 09:54:16 GMT" time="0.107" errors="0">
  <testcase name="testCreateLecturer" time="0.015" classname="com.enrollment.api.TestLecturerController"/>
  <testcase name="testDelete" time="0.040" classname="com.enrollment.api.TestLecturerController"/>
  <testcase name="testUpdate" time="0.032" classname="com.enrollment.api.TestLecturerController"/>
  <testcase name="testFindAll" time="0.007" classname="com.enrollment.api.TestLecturerController"/>
  <testcase name="testFindById" time="0.013" classname="com.enrollment.api.TestLecturerController"/>
</testsuite> <!-- com.enrollment.api.TestLecturerController -->
