<?xml version="1.0" encoding="UTF-8"?>
<!-- Generated by org.testng.reporters.JUnitReportReporter -->
<testsuite hostname="MCTN0073529L" name="com.enrollment.service.TestStudentService" tests="4" failures="0" timestamp="22 Feb 2017 09:11:07 GMT" time="0.080" errors="0">
  <testcase name="testReadAllStudents" time="0.010" classname="com.enrollment.service.TestStudentService"/>
  <testcase name="testUpdateStudent" time="0.020" classname="com.enrollment.service.TestStudentService"/>
  <testcase name="testDeleteStudent" time="0.020" classname="com.enrollment.service.TestStudentService"/>
  <testcase name="testCreateStudent" time="0.030" classname="com.enrollment.service.TestStudentService"/>
</testsuite> <!-- com.enrollment.service.TestStudentService -->
