<?xml version="1.0" encoding="UTF-8"?>
<!-- Generated by org.testng.reporters.JUnitReportReporter -->
<testsuite hostname="MCTN0073529L" name="com.enrollment.repository.TestSubjectRepository" tests="4" failures="0" timestamp="22 Feb 2017 08:10:51 GMT" time="0.109" errors="0">
  <testcase name="testUpdateSubject" time="0.030" classname="com.enrollment.repository.TestSubjectRepository"/>
  <testcase name="testDeleteSubject" time="0.028" classname="com.enrollment.repository.TestSubjectRepository"/>
  <testcase name="testCreateSubject" time="0.034" classname="com.enrollment.repository.TestSubjectRepository"/>
  <testcase name="testReadAllSubjects" time="0.017" classname="com.enrollment.repository.TestSubjectRepository"/>
</testsuite> <!-- com.enrollment.repository.TestSubjectRepository -->
