<?xml version="1.0" encoding="UTF-8"?>
<!-- Generated by org.testng.reporters.JUnitReportReporter -->
<testsuite hostname="MCTN0073529L" name="com.enrollment.repository.TestDepartmentRepository" tests="4" failures="0" timestamp="20 Feb 2017 06:44:45 GMT" time="0.030" errors="0">
  <testcase name="testCreateDepartment" time="0.000" classname="com.enrollment.repository.TestDepartmentRepository"/>
  <testcase name="testReadAllDepartments" time="0.010" classname="com.enrollment.repository.TestDepartmentRepository"/>
  <testcase name="testUpdateDepartment" time="0.000" classname="com.enrollment.repository.TestDepartmentRepository"/>
  <testcase name="testDeleteDepartment" time="0.020" classname="com.enrollment.repository.TestDepartmentRepository"/>
</testsuite> <!-- com.enrollment.repository.TestDepartmentRepository -->
