<?xml version="1.0" encoding="UTF-8"?>
<!-- Generated by org.testng.reporters.JUnitReportReporter -->
<testsuite hostname="MCTN0073529L" name="com.enrollment.repository.TestLecturerRepository" tests="4" failures="0" timestamp="23 Feb 2017 09:49:55 GMT" time="0.060" errors="0">
  <testcase name="testDeleteLecturer" time="0.018" classname="com.enrollment.repository.TestLecturerRepository"/>
  <testcase name="testUpdateLecturer" time="0.020" classname="com.enrollment.repository.TestLecturerRepository"/>
  <testcase name="testReadAllLecturers" time="0.001" classname="com.enrollment.repository.TestLecturerRepository"/>
  <testcase name="testCreateLecturer" time="0.021" classname="com.enrollment.repository.TestLecturerRepository"/>
</testsuite> <!-- com.enrollment.repository.TestLecturerRepository -->
