<?xml version="1.0" encoding="UTF-8"?>
<!-- Generated by org.testng.reporters.JUnitReportReporter -->
<testsuite hostname="MCTN0073529L" name="com.enrollment.api.TestDeaprtmentController" tests="4" failures="0" timestamp="22 Feb 2017 13:25:14 GMT" time="0.365" errors="0">
  <testcase name="testUpdate" time="0.167" classname="com.enrollment.api.TestDeaprtmentController"/>
  <testcase name="testFindAll" time="0.035" classname="com.enrollment.api.TestDeaprtmentController"/>
  <testcase name="testCreateDepartment" time="0.143" classname="com.enrollment.api.TestDeaprtmentController"/>
  <testcase name="testFindById" time="0.020" classname="com.enrollment.api.TestDeaprtmentController"/>
</testsuite> <!-- com.enrollment.api.TestDeaprtmentController -->
