<?xml version="1.0" encoding="UTF-8"?>
<!-- Generated by org.testng.reporters.JUnitReportReporter -->
<testsuite hostname="MCTN0073529L" name="com.enrollment.api.TestDepartmentController" tests="4" failures="0" timestamp="23 Feb 2017 09:54:16 GMT" time="0.097" errors="0">
  <testcase name="testUpdate" time="0.051" classname="com.enrollment.api.TestDepartmentController"/>
  <testcase name="testFindById" time="0.020" classname="com.enrollment.api.TestDepartmentController"/>
  <testcase name="testFindAll" time="0.001" classname="com.enrollment.api.TestDepartmentController"/>
  <testcase name="testCreateDepartment" time="0.025" classname="com.enrollment.api.TestDepartmentController"/>
</testsuite> <!-- com.enrollment.api.TestDepartmentController -->
