<?xml version="1.0" encoding="UTF-8"?>
<!-- Generated by org.testng.reporters.JUnitReportReporter -->
<testsuite hostname="MCTN0073629L" name="com.enrollment.repository.TestStudentRepository" tests="4" failures="0" timestamp="20 Feb 2017 10:43:29 GMT" time="0.352" errors="0">
  <testcase name="testStudentUpdate" time="0.020" classname="com.enrollment.repository.TestStudentRepository"/>
  <testcase name="testDeleteStudent" time="0.031" classname="com.enrollment.repository.TestStudentRepository"/>
  <testcase name="testReadAllStudents" time="0.181" classname="com.enrollment.repository.TestStudentRepository"/>
  <testcase name="testCreateStudent" time="0.120" classname="com.enrollment.repository.TestStudentRepository"/>
</testsuite> <!-- com.enrollment.repository.TestStudentRepository -->
