<?xml version="1.0" encoding="UTF-8"?>
<!-- Generated by org.testng.reporters.JUnitReportReporter -->
<testsuite hostname="MCTN0073629L" name="com.enrollment.api.TestDeaprtmentController" tests="4" failures="0" timestamp="22 Feb 2017 14:09:10 GMT" time="0.349" errors="0">
  <testcase name="testFindAll" time="0.043" classname="com.enrollment.api.TestDeaprtmentController"/>
  <testcase name="testUpdate" time="0.072" classname="com.enrollment.api.TestDeaprtmentController"/>
  <testcase name="testFindById" time="0.019" classname="com.enrollment.api.TestDeaprtmentController"/>
  <testcase name="testCreateDepartment" time="0.215" classname="com.enrollment.api.TestDeaprtmentController"/>
</testsuite> <!-- com.enrollment.api.TestDeaprtmentController -->
