<?xml version="1.0" encoding="UTF-8"?>
<!-- Generated by org.testng.reporters.JUnitReportReporter -->
<testsuite hostname="MCTN0073529L" name="com.enrollment.api.TestLecturerController" tests="5" failures="0" timestamp="22 Feb 2017 12:43:14 GMT" time="0.300" errors="0">
  <testcase name="testFindAll" time="0.030" classname="com.enrollment.api.TestLecturerController"/>
  <testcase name="testDelete" time="0.050" classname="com.enrollment.api.TestLecturerController"/>
  <testcase name="testUpdate" time="0.066" classname="com.enrollment.api.TestLecturerController"/>
  <testcase name="testFindById" time="0.011" classname="com.enrollment.api.TestLecturerController"/>
  <testcase name="testCreate" time="0.143" classname="com.enrollment.api.TestLecturerController"/>
</testsuite> <!-- com.enrollment.api.TestLecturerController -->
