<?xml version="1.0" encoding="UTF-8"?>
<!-- Generated by org.testng.reporters.JUnitReportReporter -->
<testsuite hostname="MCTN0073529L" name="com.enrollment.repository.TestCourseRepository" tests="4" failures="0" timestamp="17 Feb 2017 14:10:41 GMT" time="0.285" errors="0">
  <testcase name="testUpdateCourse" time="0.029" classname="com.enrollment.repository.TestCourseRepository"/>
  <testcase name="testCreateCourse" time="0.209" classname="com.enrollment.repository.TestCourseRepository"/>
  <testcase name="testDeleteCourse" time="0.027" classname="com.enrollment.repository.TestCourseRepository"/>
  <testcase name="testReadAllCourses" time="0.020" classname="com.enrollment.repository.TestCourseRepository"/>
</testsuite> <!-- com.enrollment.repository.TestCourseRepository -->
