<?xml version="1.0" encoding="UTF-8"?>
<!-- Generated by org.testng.reporters.JUnitReportReporter -->
<<<<<<< HEAD
<testsuite hostname="MCTN0073529L" name="com.enrollment.repository.TestStudentRepository" tests="4" failures="0" timestamp="20 Feb 2017 06:44:45 GMT" time="1.190" errors="0">
  <testcase name="testStudentUpdate" time="0.050" classname="com.enrollment.repository.TestStudentRepository"/>
  <testcase name="testDeleteStudent" time="0.210" classname="com.enrollment.repository.TestStudentRepository"/>
  <testcase name="testReadAllStudents" time="0.340" classname="com.enrollment.repository.TestStudentRepository"/>
  <testcase name="testCreateStudent" time="0.590" classname="com.enrollment.repository.TestStudentRepository"/>
=======
<testsuite hostname="MCTN0073629L" name="com.enrollment.repository.TestStudentRepository" tests="4" failures="0" timestamp="20 Feb 2017 10:43:29 GMT" time="0.352" errors="0">
  <testcase name="testStudentUpdate" time="0.020" classname="com.enrollment.repository.TestStudentRepository"/>
  <testcase name="testDeleteStudent" time="0.031" classname="com.enrollment.repository.TestStudentRepository"/>
  <testcase name="testReadAllStudents" time="0.181" classname="com.enrollment.repository.TestStudentRepository"/>
  <testcase name="testCreateStudent" time="0.120" classname="com.enrollment.repository.TestStudentRepository"/>
>>>>>>> 37ed7e60c3164a3c1b7cea47a687a4f84b5665e7
</testsuite> <!-- com.enrollment.repository.TestStudentRepository -->
