<?xml version="1.0" encoding="UTF-8"?>
<!-- Generated by org.testng.reporters.JUnitReportReporter -->
<testsuite hostname="MCTN0073529L" name="com.enrollment.repository.TestAddressRepository" tests="4" failures="0" timestamp="22 Feb 2017 08:10:51 GMT" time="0.393" errors="0">
  <testcase name="testUpdateAddress" time="0.050" classname="com.enrollment.repository.TestAddressRepository"/>
  <testcase name="testCreateAddress" time="0.116" classname="com.enrollment.repository.TestAddressRepository"/>
  <testcase name="testDeleteAddress" time="0.024" classname="com.enrollment.repository.TestAddressRepository"/>
  <testcase name="testReadAllAddresses" time="0.203" classname="com.enrollment.repository.TestAddressRepository"/>
</testsuite> <!-- com.enrollment.repository.TestAddressRepository -->
