<?xml version="1.0" encoding="UTF-8"?>
<!-- Generated by org.testng.reporters.JUnitReportReporter -->
<testsuite hostname="MCTN0073629L" name="com.enrollment.api.TestLecturerController" tests="5" failures="0" timestamp="22 Feb 2017 13:30:23 GMT" time="0.351" errors="0">
  <testcase name="testFindAll" time="0.043" classname="com.enrollment.api.TestLecturerController"/>
  <testcase name="testFindById" time="0.019" classname="com.enrollment.api.TestLecturerController"/>
  <testcase name="testCreate" time="0.181" classname="com.enrollment.api.TestLecturerController"/>
  <testcase name="testDelete" time="0.044" classname="com.enrollment.api.TestLecturerController"/>
  <testcase name="testUpdate" time="0.064" classname="com.enrollment.api.TestLecturerController"/>
</testsuite> <!-- com.enrollment.api.TestLecturerController -->
