<?xml version="1.0" encoding="UTF-8"?>
<!-- Generated by org.testng.reporters.JUnitReportReporter -->
<testsuite hostname="MCTN0073529L" name="com.enrollment.api.TestStudentController" tests="5" failures="0" timestamp="23 Feb 2017 09:54:16 GMT" time="0.420" errors="0">
  <testcase name="testFindById" time="0.020" classname="com.enrollment.api.TestStudentController"/>
  <testcase name="testUpdate" time="0.076" classname="com.enrollment.api.TestStudentController"/>
  <testcase name="testCreateStudent" time="0.257" classname="com.enrollment.api.TestStudentController"/>
  <testcase name="testDelete" time="0.028" classname="com.enrollment.api.TestStudentController"/>
  <testcase name="testFindAll" time="0.039" classname="com.enrollment.api.TestStudentController"/>
</testsuite> <!-- com.enrollment.api.TestStudentController -->
