<?xml version="1.0" encoding="UTF-8"?>
<!-- Generated by org.testng.reporters.JUnitReportReporter -->
<testsuite hostname="MCTN0073529L" name="com.enrollment.service.TestAddressService" tests="4" failures="0" timestamp="22 Feb 2017 09:11:07 GMT" time="0.381" errors="0">
  <testcase name="testReadAllAddresses" time="0.170" classname="com.enrollment.service.TestAddressService"/>
  <testcase name="testUpdateAddress" time="0.050" classname="com.enrollment.service.TestAddressService"/>
  <testcase name="testDeleteAddress" time="0.030" classname="com.enrollment.service.TestAddressService"/>
  <testcase name="testCreateAddress" time="0.131" classname="com.enrollment.service.TestAddressService"/>
</testsuite> <!-- com.enrollment.service.TestAddressService -->
