<?xml version="1.0" encoding="UTF-8"?>
<!-- Generated by org.testng.reporters.JUnitReportReporter -->
<testsuite hostname="MCTN0073529L" name="com.enrollment.repository.TestStudentRepository" tests="4" failures="0" timestamp="20 Feb 2017 06:44:45 GMT" time="1.190" errors="0">
  <testcase name="testStudentUpdate" time="0.050" classname="com.enrollment.repository.TestStudentRepository"/>
  <testcase name="testDeleteStudent" time="0.210" classname="com.enrollment.repository.TestStudentRepository"/>
  <testcase name="testReadAllStudents" time="0.340" classname="com.enrollment.repository.TestStudentRepository"/>
  <testcase name="testCreateStudent" time="0.590" classname="com.enrollment.repository.TestStudentRepository"/>
</testsuite> <!-- com.enrollment.repository.TestStudentRepository -->
