<?xml version="1.0" encoding="UTF-8"?>
<!-- Generated by org.testng.reporters.JUnitReportReporter -->
<testsuite hostname="MCTN0073529L" name="com.enrollment.repository.TestStudentRepository" tests="4" failures="0" timestamp="17 Feb 2017 07:15:34 GMT" time="0.410" errors="0">
  <testcase name="testDeleteStudent" time="0.060" classname="com.enrollment.repository.TestStudentRepository"/>
  <testcase name="testStudentUpdate" time="0.030" classname="com.enrollment.repository.TestStudentRepository"/>
  <testcase name="testReadAllStudents" time="0.190" classname="com.enrollment.repository.TestStudentRepository"/>
  <testcase name="testCreateStudent" time="0.130" classname="com.enrollment.repository.TestStudentRepository"/>
</testsuite> <!-- com.enrollment.repository.TestStudentRepository -->
