<?xml version="1.0" encoding="UTF-8"?>
<!-- Generated by org.testng.reporters.JUnitReportReporter -->
<testsuite hostname="MCTN0073529L" name="com.enrollment.repository.TestAddressRepository" tests="4" failures="0" timestamp="23 Feb 2017 09:49:55 GMT" time="0.370" errors="0">
  <testcase name="testReadAllAddresses" time="0.182" classname="com.enrollment.repository.TestAddressRepository"/>
  <testcase name="testUpdateAddress" time="0.076" classname="com.enrollment.repository.TestAddressRepository"/>
  <testcase name="testCreateAddress" time="0.091" classname="com.enrollment.repository.TestAddressRepository"/>
  <testcase name="testDeleteAddress" time="0.021" classname="com.enrollment.repository.TestAddressRepository"/>
</testsuite> <!-- com.enrollment.repository.TestAddressRepository -->
