<?xml version="1.0" encoding="UTF-8"?>
<!-- Generated by org.testng.reporters.JUnitReportReporter -->
<testsuite hostname="MCTN0073529L" name="com.enrollment.api.TestSubjectController" tests="2" failures="0" timestamp="21 Feb 2017 11:42:07 GMT" time="0.210" errors="0">
  <testcase name="testFindById" time="0.020" classname="com.enrollment.api.TestSubjectController"/>
  <testcase name="testCreate" time="0.190" classname="com.enrollment.api.TestSubjectController"/>
</testsuite> <!-- com.enrollment.api.TestSubjectController -->
