<?xml version="1.0" encoding="UTF-8"?>
<!-- Generated by org.testng.reporters.JUnitReportReporter -->
<testsuite hostname="MCTN0073629L" name="com.enrollment.repository.TestLecturerRepository" tests="4" failures="0" timestamp="20 Feb 2017 10:43:29 GMT" time="0.091" errors="0">
  <testcase name="testReadAllLecturers" time="0.020" classname="com.enrollment.repository.TestLecturerRepository"/>
  <testcase name="testCreateLecturer" time="0.020" classname="com.enrollment.repository.TestLecturerRepository"/>
  <testcase name="testUpdateLecturer" time="0.010" classname="com.enrollment.repository.TestLecturerRepository"/>
  <testcase name="testDeleteLecturer" time="0.041" classname="com.enrollment.repository.TestLecturerRepository"/>
</testsuite> <!-- com.enrollment.repository.TestLecturerRepository -->
