<?xml version="1.0" encoding="UTF-8"?>
<!-- Generated by org.testng.reporters.JUnitReportReporter -->
<testsuite hostname="MCTN0073529L" name="com.enrollment.repository.TestLecturerRepository" tests="4" failures="0" timestamp="22 Feb 2017 08:10:51 GMT" time="0.105" errors="0">
  <testcase name="testDeleteLecturer" time="0.025" classname="com.enrollment.repository.TestLecturerRepository"/>
  <testcase name="testReadAllLecturers" time="0.049" classname="com.enrollment.repository.TestLecturerRepository"/>
  <testcase name="testCreateLecturer" time="0.014" classname="com.enrollment.repository.TestLecturerRepository"/>
  <testcase name="testUpdateLecturer" time="0.017" classname="com.enrollment.repository.TestLecturerRepository"/>
</testsuite> <!-- com.enrollment.repository.TestLecturerRepository -->
