<?xml version="1.0" encoding="UTF-8"?>
<!-- Generated by org.testng.reporters.JUnitReportReporter -->
<testsuite hostname="MCTN0073529L" name="com.enrollment.service.TestLecturerService" tests="4" failures="0" timestamp="23 Feb 2017 09:48:48 GMT" time="0.107" errors="0">
  <testcase name="testUpdateLecturer" time="0.005" classname="com.enrollment.service.TestLecturerService"/>
  <testcase name="testReadAllLecturers" time="0.009" classname="com.enrollment.service.TestLecturerService"/>
  <testcase name="testDeleteLecturer" time="0.082" classname="com.enrollment.service.TestLecturerService"/>
  <testcase name="testCreateLecturer" time="0.011" classname="com.enrollment.service.TestLecturerService"/>
</testsuite> <!-- com.enrollment.service.TestLecturerService -->
