<?xml version="1.0" encoding="UTF-8"?>
<!-- Generated by org.testng.reporters.JUnitReportReporter -->
<testsuite hostname="MCTN0073529L" name="com.enrollment.service.TestDepartmentService" tests="4" failures="0" timestamp="20 Feb 2017 13:42:33 GMT" time="0.060" errors="0">
  <testcase name="testDeleteDepartment" time="0.018" classname="com.enrollment.service.TestDepartmentService"/>
  <testcase name="testCreateDepartment" time="0.013" classname="com.enrollment.service.TestDepartmentService"/>
  <testcase name="testUpdateDepartment" time="0.015" classname="com.enrollment.service.TestDepartmentService"/>
  <testcase name="testReadAllDepartments" time="0.014" classname="com.enrollment.service.TestDepartmentService"/>
</testsuite> <!-- com.enrollment.service.TestDepartmentService -->
