<?xml version="1.0" encoding="UTF-8"?>
<!-- Generated by org.testng.reporters.JUnitReportReporter -->
<testsuite hostname="MCTN0073529L" name="com.enrollment.service.TestSubjectService" tests="4" failures="0" timestamp="23 Feb 2017 09:48:48 GMT" time="0.100" errors="0">
  <testcase name="testCreateSubject" time="0.040" classname="com.enrollment.service.TestSubjectService"/>
  <testcase name="testReadAllSubjects" time="0.020" classname="com.enrollment.service.TestSubjectService"/>
  <testcase name="testUpdateSubject" time="0.020" classname="com.enrollment.service.TestSubjectService"/>
  <testcase name="testDeleteSubject" time="0.020" classname="com.enrollment.service.TestSubjectService"/>
</testsuite> <!-- com.enrollment.service.TestSubjectService -->
