<?xml version="1.0" encoding="UTF-8"?>
<!-- Generated by org.testng.reporters.JUnitReportReporter -->
<testsuite hostname="MCTN0073529L" name="com.enrollment.api.TestAddressController" tests="4" failures="0" timestamp="22 Feb 2017 12:41:00 GMT" time="1.498" errors="0">
  <testcase name="testFindAll" time="0.591" classname="com.enrollment.api.TestAddressController"/>
  <testcase name="testFindById" time="0.061" classname="com.enrollment.api.TestAddressController"/>
  <testcase name="testCreateAddress" time="0.731" classname="com.enrollment.api.TestAddressController"/>
  <testcase name="testUpdate" time="0.115" classname="com.enrollment.api.TestAddressController"/>
</testsuite> <!-- com.enrollment.api.TestAddressController -->
