<?xml version="1.0" encoding="UTF-8"?>
<!-- Generated by org.testng.reporters.JUnitReportReporter -->
<testsuite hostname="MCTN0073529L" name="com.enrollment.service.TestSubjectService" tests="4" failures="0" timestamp="22 Feb 2017 09:11:07 GMT" time="0.157" errors="0">
  <testcase name="testDeleteSubject" time="0.045" classname="com.enrollment.service.TestSubjectService"/>
  <testcase name="testUpdateSubject" time="0.046" classname="com.enrollment.service.TestSubjectService"/>
  <testcase name="testReadAllSubjects" time="0.015" classname="com.enrollment.service.TestSubjectService"/>
  <testcase name="testCreateSubject" time="0.051" classname="com.enrollment.service.TestSubjectService"/>
</testsuite> <!-- com.enrollment.service.TestSubjectService -->
