<?xml version="1.0" encoding="UTF-8"?>
<!-- Generated by org.testng.reporters.JUnitReportReporter -->
<testsuite hostname="MCTN0073629L" name="com.enrollment.repository.TestCourseRepository" tests="5" failures="0" timestamp="20 Feb 2017 09:59:57 GMT" time="0.308" errors="0">
  <testcase name="testStudentCourse" time="0.010" classname="com.enrollment.repository.TestCourseRepository"/>
  <testcase name="testReadAllCourses" time="0.030" classname="com.enrollment.repository.TestCourseRepository"/>
  <testcase name="testUpdateCourse" time="0.060" classname="com.enrollment.repository.TestCourseRepository"/>
  <testcase name="testDeleteCourse" time="0.060" classname="com.enrollment.repository.TestCourseRepository"/>
  <testcase name="testCreateCourse" time="0.148" classname="com.enrollment.repository.TestCourseRepository"/>
</testsuite> <!-- com.enrollment.repository.TestCourseRepository -->
