<?xml version="1.0" encoding="UTF-8"?>
<!-- Generated by org.testng.reporters.JUnitReportReporter -->
<testsuite hostname="MCTN0073529L" name="com.enrollment.api.TestCourseController" tests="5" failures="0" timestamp="23 Feb 2017 09:54:16 GMT" time="0.210" errors="0">
  <testcase name="testUpdate" time="0.050" classname="com.enrollment.api.TestCourseController"/>
  <testcase name="testFindById" time="0.020" classname="com.enrollment.api.TestCourseController"/>
  <testcase name="testDelete" time="0.020" classname="com.enrollment.api.TestCourseController"/>
  <testcase name="testFindAll" time="0.030" classname="com.enrollment.api.TestCourseController"/>
  <testcase name="testCreateCourse" time="0.090" classname="com.enrollment.api.TestCourseController"/>
</testsuite> <!-- com.enrollment.api.TestCourseController -->
