<?xml version="1.0" encoding="UTF-8"?>
<!-- Generated by org.testng.reporters.JUnitReportReporter -->
<testsuite hostname="MCTN0073529L" name="com.enrollment.api.TestAddressController" tests="4" failures="0" timestamp="23 Feb 2017 09:54:16 GMT" time="0.088" errors="0">
  <testcase name="testCreateAddress" time="0.027" classname="com.enrollment.api.TestAddressController"/>
  <testcase name="testFindAll" time="0.020" classname="com.enrollment.api.TestAddressController"/>
  <testcase name="testFindById" time="0.021" classname="com.enrollment.api.TestAddressController"/>
  <testcase name="testUpdate" time="0.020" classname="com.enrollment.api.TestAddressController"/>
</testsuite> <!-- com.enrollment.api.TestAddressController -->
