<?xml version="1.0" encoding="UTF-8"?>
<!-- Generated by org.testng.reporters.JUnitReportReporter -->
<testsuite hostname="MCTN0073529L" name="com.enrollment.repository.TestStudentRepository" tests="4" failures="0" timestamp="22 Feb 2017 08:10:51 GMT" time="0.082" errors="0">
  <testcase name="testReadAllStudents" time="0.017" classname="com.enrollment.repository.TestStudentRepository"/>
  <testcase name="testStudentUpdate" time="0.016" classname="com.enrollment.repository.TestStudentRepository"/>
  <testcase name="testCreateStudent" time="0.025" classname="com.enrollment.repository.TestStudentRepository"/>
  <testcase name="testDeleteStudent" time="0.024" classname="com.enrollment.repository.TestStudentRepository"/>
</testsuite> <!-- com.enrollment.repository.TestStudentRepository -->
