<?xml version="1.0" encoding="UTF-8"?>
<!-- Generated by org.testng.reporters.JUnitReportReporter -->
<testsuite hostname="MCTN0073529L" name="com.enrollment.service.TestCourseService" tests="4" failures="0" timestamp="20 Feb 2017 13:43:02 GMT" time="0.474" errors="0">
  <testcase name="testCreateCourse" time="0.208" classname="com.enrollment.service.TestCourseService"/>
  <testcase name="testUpdateCourse" time="0.049" classname="com.enrollment.service.TestCourseService"/>
  <testcase name="testReadAllCourses" time="0.191" classname="com.enrollment.service.TestCourseService"/>
  <testcase name="testDeleteCourse" time="0.026" classname="com.enrollment.service.TestCourseService"/>
</testsuite> <!-- com.enrollment.service.TestCourseService -->
