<?xml version="1.0" encoding="UTF-8"?>
<!-- Generated by org.testng.reporters.JUnitReportReporter -->
<testsuite hostname="MCTN0073529L" name="com.enrollment.service.TestDepartmentService" tests="4" failures="0" timestamp="23 Feb 2017 09:48:48 GMT" time="0.085" errors="0">
  <testcase name="testCreateDepartment" time="0.005" classname="com.enrollment.service.TestDepartmentService"/>
  <testcase name="testDeleteDepartment" time="0.026" classname="com.enrollment.service.TestDepartmentService"/>
  <testcase name="testReadAllDepartments" time="0.011" classname="com.enrollment.service.TestDepartmentService"/>
  <testcase name="testUpdateDepartment" time="0.043" classname="com.enrollment.service.TestDepartmentService"/>
</testsuite> <!-- com.enrollment.service.TestDepartmentService -->
