<?xml version="1.0" encoding="UTF-8"?>
<!-- Generated by org.testng.reporters.JUnitReportReporter -->
<testsuite hostname="MCTN0073529L" name="com.enrollment.api.TestSubjectController" tests="5" failures="0" timestamp="22 Feb 2017 13:09:05 GMT" time="0.383" errors="0">
  <testcase name="testFindById" time="0.035" classname="com.enrollment.api.TestSubjectController"/>
  <testcase name="testUpdate" time="0.084" classname="com.enrollment.api.TestSubjectController"/>
  <testcase name="testDelete" time="0.045" classname="com.enrollment.api.TestSubjectController"/>
  <testcase name="testCreateSubject" time="0.199" classname="com.enrollment.api.TestSubjectController"/>
  <testcase name="testFindAll" time="0.020" classname="com.enrollment.api.TestSubjectController"/>
</testsuite> <!-- com.enrollment.api.TestSubjectController -->
