<?xml version="1.0" encoding="UTF-8"?>
<!-- Generated by org.testng.reporters.JUnitReportReporter -->
<testsuite hostname="MCTN0073529L" name="com.enrollment.service.TestLecturerService" tests="4" failures="0" timestamp="22 Feb 2017 09:11:07 GMT" time="0.111" errors="0">
  <testcase name="testCreateLecturer" time="0.030" classname="com.enrollment.service.TestLecturerService"/>
  <testcase name="testDeleteLecturer" time="0.013" classname="com.enrollment.service.TestLecturerService"/>
  <testcase name="testUpdateLecturer" time="0.045" classname="com.enrollment.service.TestLecturerService"/>
  <testcase name="testReadAllLecturers" time="0.023" classname="com.enrollment.service.TestLecturerService"/>
</testsuite> <!-- com.enrollment.service.TestLecturerService -->
