<?xml version="1.0" encoding="UTF-8"?>
<!-- Generated by org.testng.reporters.JUnitReportReporter -->
<testsuite hostname="MCTN0073529L" name="com.enrollment.repository.TestLecturerRepository" tests="4" failures="0" timestamp="17 Feb 2017 14:10:41 GMT" time="0.137" errors="0">
  <testcase name="testCreateLecturer" time="0.045" classname="com.enrollment.repository.TestLecturerRepository"/>
  <testcase name="testDeleteLecturer" time="0.036" classname="com.enrollment.repository.TestLecturerRepository"/>
  <testcase name="testReadAllLecturers" time="0.016" classname="com.enrollment.repository.TestLecturerRepository"/>
  <testcase name="testUpdateLecturer" time="0.040" classname="com.enrollment.repository.TestLecturerRepository"/>
</testsuite> <!-- com.enrollment.repository.TestLecturerRepository -->
