<?xml version="1.0" encoding="UTF-8"?>
<!-- Generated by org.testng.reporters.JUnitReportReporter -->
<testsuite hostname="MCTN0073529L" name="com.enrollment.service.TestStudentService" tests="4" failures="0" timestamp="20 Feb 2017 13:42:33 GMT" time="0.431" errors="0">
  <testcase name="testDeleteStudent" time="0.034" classname="com.enrollment.service.TestStudentService"/>
  <testcase name="testReadAllStudents" time="0.218" classname="com.enrollment.service.TestStudentService"/>
  <testcase name="testCreateStudent" time="0.139" classname="com.enrollment.service.TestStudentService"/>
  <testcase name="testUpdateStudent" time="0.040" classname="com.enrollment.service.TestStudentService"/>
</testsuite> <!-- com.enrollment.service.TestStudentService -->
