<?xml version="1.0" encoding="UTF-8"?>
<!-- Generated by org.testng.reporters.JUnitReportReporter -->
<testsuite hostname="MCTN0073529L" name="com.enrollment.repository.TestDepartmentRepository" tests="4" failures="0" timestamp="17 Feb 2017 08:45:16 GMT" time="0.369" errors="0">
  <testcase name="testCreateDepartment" time="0.147" classname="com.enrollment.repository.TestDepartmentRepository"/>
  <testcase name="testDeleteDepartment" time="0.030" classname="com.enrollment.repository.TestDepartmentRepository"/>
  <testcase name="testUpdateDepartment" time="0.042" classname="com.enrollment.repository.TestDepartmentRepository"/>
  <testcase name="testReadAllDepartments" time="0.150" classname="com.enrollment.repository.TestDepartmentRepository"/>
</testsuite> <!-- com.enrollment.repository.TestDepartmentRepository -->
