<?xml version="1.0" encoding="UTF-8"?>
<!-- Generated by org.testng.reporters.JUnitReportReporter -->
<testsuite hostname="MCTN0073629L" name="com.enrollment.api.TestDeaprtmentController" tests="5" failures="0" timestamp="22 Feb 2017 13:30:01 GMT" time="0.348" errors="0">
  <testcase name="testCreate" time="0.180" classname="com.enrollment.api.TestDeaprtmentController"/>
  <testcase name="testUpdate" time="0.065" classname="com.enrollment.api.TestDeaprtmentController"/>
  <testcase name="testFindAll" time="0.035" classname="com.enrollment.api.TestDeaprtmentController"/>
  <testcase name="testDelete" time="0.049" classname="com.enrollment.api.TestDeaprtmentController"/>
  <testcase name="testFindById" time="0.019" classname="com.enrollment.api.TestDeaprtmentController"/>
</testsuite> <!-- com.enrollment.api.TestDeaprtmentController -->
