<?xml version="1.0" encoding="UTF-8"?>
<!-- Generated by org.testng.reporters.JUnitReportReporter -->
<testsuite hostname="MCTN0073529L" name="com.enrollment.repository.TestSubjectRepository" tests="4" failures="0" timestamp="20 Feb 2017 06:44:45 GMT" time="0.200" errors="0">
  <testcase name="testDeleteSubject" time="0.030" classname="com.enrollment.repository.TestSubjectRepository"/>
  <testcase name="testCreateSubject" time="0.060" classname="com.enrollment.repository.TestSubjectRepository"/>
  <testcase name="testReadAllSubjects" time="0.020" classname="com.enrollment.repository.TestSubjectRepository"/>
  <testcase name="testUpdateSubject" time="0.090" classname="com.enrollment.repository.TestSubjectRepository"/>
</testsuite> <!-- com.enrollment.repository.TestSubjectRepository -->
