<?xml version="1.0" encoding="UTF-8"?>
<!-- Generated by org.testng.reporters.JUnitReportReporter -->
<testsuite hostname="MCTN0073529L" name="com.enrollment.repository.TestSubjectRepository" tests="4" failures="0" timestamp="17 Feb 2017 14:10:41 GMT" time="0.125" errors="0">
  <testcase name="testUpdateSubject" time="0.028" classname="com.enrollment.repository.TestSubjectRepository"/>
  <testcase name="testReadAllSubjects" time="0.018" classname="com.enrollment.repository.TestSubjectRepository"/>
  <testcase name="testCreateSubject" time="0.048" classname="com.enrollment.repository.TestSubjectRepository"/>
  <testcase name="testDeleteSubject" time="0.031" classname="com.enrollment.repository.TestSubjectRepository"/>
</testsuite> <!-- com.enrollment.repository.TestSubjectRepository -->
