<?xml version="1.0" encoding="UTF-8"?>
<!-- Generated by org.testng.reporters.JUnitReportReporter -->
<testsuite hostname="MCTN0073529L" name="com.enrollment.service.TestCourseService" tests="4" failures="0" timestamp="22 Feb 2017 09:11:07 GMT" time="0.128" errors="0">
  <testcase name="testCreateCourse" time="0.040" classname="com.enrollment.service.TestCourseService"/>
  <testcase name="testDeleteCourse" time="0.030" classname="com.enrollment.service.TestCourseService"/>
  <testcase name="testReadAllCourses" time="0.028" classname="com.enrollment.service.TestCourseService"/>
  <testcase name="testUpdateCourse" time="0.030" classname="com.enrollment.service.TestCourseService"/>
</testsuite> <!-- com.enrollment.service.TestCourseService -->
