<?xml version="1.0" encoding="UTF-8"?>
<!-- Generated by org.testng.reporters.JUnitReportReporter -->
<testsuite hostname="MCTN0073629L" name="com.enrollment.repository.TestCourseRepository" tests="5" failures="0" timestamp="20 Feb 2017 10:43:29 GMT" time="0.287" errors="0">
  <testcase name="testDeleteCourse" time="0.043" classname="com.enrollment.repository.TestCourseRepository"/>
  <testcase name="testReadAllCourses" time="0.029" classname="com.enrollment.repository.TestCourseRepository"/>
  <testcase name="testStudentCourse" time="0.081" classname="com.enrollment.repository.TestCourseRepository"/>
  <testcase name="testUpdateCourse" time="0.062" classname="com.enrollment.repository.TestCourseRepository"/>
  <testcase name="testCreateCourse" time="0.072" classname="com.enrollment.repository.TestCourseRepository"/>
</testsuite> <!-- com.enrollment.repository.TestCourseRepository -->
