<?xml version="1.0" encoding="UTF-8"?>
<!-- Generated by org.testng.reporters.JUnitReportReporter -->
<testsuite hostname="MCTN0073529L" name="com.enrollment.service.TestAddressService" tests="4" failures="0" timestamp="23 Feb 2017 09:48:48 GMT" time="0.371" errors="0">
  <testcase name="testCreateAddress" time="0.128" classname="com.enrollment.service.TestAddressService"/>
  <testcase name="testDeleteAddress" time="0.020" classname="com.enrollment.service.TestAddressService"/>
  <testcase name="testUpdateAddress" time="0.060" classname="com.enrollment.service.TestAddressService"/>
  <testcase name="testReadAllAddresses" time="0.163" classname="com.enrollment.service.TestAddressService"/>
</testsuite> <!-- com.enrollment.service.TestAddressService -->
