<?xml version="1.0" encoding="UTF-8"?>
<!-- Generated by org.testng.reporters.JUnitReportReporter -->
<testsuite hostname="MCTN0073629L" name="com.enrollment.repository.TestSubjectRepository" tests="4" failures="0" timestamp="20 Feb 2017 10:43:29 GMT" time="0.130" errors="0">
  <testcase name="testCreateSubject" time="0.040" classname="com.enrollment.repository.TestSubjectRepository"/>
  <testcase name="testDeleteSubject" time="0.020" classname="com.enrollment.repository.TestSubjectRepository"/>
  <testcase name="testUpdateSubject" time="0.040" classname="com.enrollment.repository.TestSubjectRepository"/>
  <testcase name="testReadAllSubjects" time="0.030" classname="com.enrollment.repository.TestSubjectRepository"/>
</testsuite> <!-- com.enrollment.repository.TestSubjectRepository -->
