<?xml version="1.0" encoding="UTF-8"?>
<!-- Generated by org.testng.reporters.JUnitReportReporter -->
<testsuite hostname="MCTN0073529L" name="com.enrollment.repository.TestDepartmentRepository" tests="4" failures="0" timestamp="22 Feb 2017 08:10:51 GMT" time="0.052" errors="0">
  <testcase name="testDeleteDepartment" time="0.016" classname="com.enrollment.repository.TestDepartmentRepository"/>
  <testcase name="testUpdateDepartment" time="0.013" classname="com.enrollment.repository.TestDepartmentRepository"/>
  <testcase name="testReadAllDepartments" time="0.010" classname="com.enrollment.repository.TestDepartmentRepository"/>
  <testcase name="testCreateDepartment" time="0.013" classname="com.enrollment.repository.TestDepartmentRepository"/>
</testsuite> <!-- com.enrollment.repository.TestDepartmentRepository -->
