<?xml version="1.0" encoding="UTF-8"?>
<!-- Generated by org.testng.reporters.JUnitReportReporter -->
<testsuite hostname="MCTN0073529L" name="com.enrollment.api.TestStudentController" tests="5" failures="0" timestamp="22 Feb 2017 12:41:28 GMT" time="0.669" errors="0">
  <testcase name="testCreate" time="0.425" classname="com.enrollment.api.TestStudentController"/>
  <testcase name="testFindAll" time="0.041" classname="com.enrollment.api.TestStudentController"/>
  <testcase name="testUpdate" time="0.097" classname="com.enrollment.api.TestStudentController"/>
  <testcase name="testDelete" time="0.078" classname="com.enrollment.api.TestStudentController"/>
  <testcase name="testFindById" time="0.028" classname="com.enrollment.api.TestStudentController"/>
</testsuite> <!-- com.enrollment.api.TestStudentController -->
