<?xml version="1.0" encoding="UTF-8"?>
<!-- Generated by org.testng.reporters.JUnitReportReporter -->
<testsuite hostname="MCTN0073529L" name="com.enrollment.repository.TestLecturerRepository" tests="4" failures="0" timestamp="17 Feb 2017 08:46:49 GMT" time="0.441" errors="0">
  <testcase name="testReadAllLecturers" time="0.190" classname="com.enrollment.repository.TestLecturerRepository"/>
  <testcase name="testDeleteLecturer" time="0.030" classname="com.enrollment.repository.TestLecturerRepository"/>
  <testcase name="testUpdateLecturer" time="0.020" classname="com.enrollment.repository.TestLecturerRepository"/>
  <testcase name="testCreateLecturer" time="0.201" classname="com.enrollment.repository.TestLecturerRepository"/>
</testsuite> <!-- com.enrollment.repository.TestLecturerRepository -->
