<?xml version="1.0" encoding="UTF-8"?>
<!-- Generated by org.testng.reporters.JUnitReportReporter -->
<testsuite hostname="MCTN0073529L" name="com.enrollment.AppTest" tests="1" failures="0" timestamp="15 Feb 2017 14:31:04 GMT" time="0.000" errors="0">
  <testcase name="testApp" time="0.000" classname="com.enrollment.AppTest"/>
</testsuite> <!-- com.enrollment.AppTest -->
